checking for pg_config... -------------------- yes

--------------------

"clang -o conftest -I/Users/nathaniel/.rbenv/versions/2.1.2/include/ruby-2.1.0/x86_64-darwin13.0 -I/Users/nathaniel/.rbenv/versions/2.1.2/include/ruby-2.1.0/ruby/backward -I/Users/nathaniel/.rbenv/versions/2.1.2/include/ruby-2.1.0 -I. -I/Applications/Postgres.app/Contents/Versions/9.3/include -I/Users/nathaniel/.rbenv/versions/2.1.2/include  -D_XOPEN_SOURCE -D_DARWIN_C_SOURCE -D_DARWIN_UNLIMITED_SELECT -D_REENTRANT   -I/usr/local/include conftest.c  -L. -L/Users/nathaniel/.rbenv/versions/2.1.2/lib -L/Applications/Postgres.app/Contents/Versions/9.3/lib -L/usr/local/lib -lpq    -lstdc++ -lruby-static -framework CoreFoundation  -lpthread -lgmp -ldl -lobjc "
checked program was:
/* begin */
1: #include "ruby.h"
2: 
3: int main(int argc, char **argv)
4: {
5:   return 0;
6: }
/* end */

"clang -o conftest -I/Users/nathaniel/.rbenv/versions/2.1.2/include/ruby-2.1.0/x86_64-darwin13.0 -I/Users/nathaniel/.rbenv/versions/2.1.2/include/ruby-2.1.0/ruby/backward -I/Users/nathaniel/.rbenv/versions/2.1.2/include/ruby-2.1.0 -I. -I/Applications/Postgres.app/Contents/Versions/9.3/include -I/Users/nathaniel/.rbenv/versions/2.1.2/include  -D_XOPEN_SOURCE -D_DARWIN_C_SOURCE -D_DARWIN_UNLIMITED_SELECT -D_REENTRANT   -I/usr/local/include conftest.c  -L. -L/Users/nathaniel/.rbenv/versions/2.1.2/lib -L/Applications/Postgres.app/Contents/Versions/9.3/lib -L/usr/local/lib -lpq    -lstdc++ -lruby-static -framework CoreFoundation  -Wl,-rpath,/Applications/Postgres.app/Contents/Versions/9.3/lib -lpthread -lgmp -ldl -lobjc "
checked program was:
/* begin */
1: #include "ruby.h"
2: 
3: int main() {return 0;}
/* end */

have_library: checking for PQconnectdb() in -lpq... -------------------- yes

"clang -o conftest -I/Users/nathaniel/.rbenv/versions/2.1.2/include/ruby-2.1.0/x86_64-darwin13.0 -I/Users/nathaniel/.rbenv/versions/2.1.2/include/ruby-2.1.0/ruby/backward -I/Users/nathaniel/.rbenv/versions/2.1.2/include/ruby-2.1.0 -I. -I/Applications/Postgres.app/Contents/Versions/9.3/include -I/Users/nathaniel/.rbenv/versions/2.1.2/include  -D_XOPEN_SOURCE -D_DARWIN_C_SOURCE -D_DARWIN_UNLIMITED_SELECT -D_REENTRANT   -I/usr/local/include conftest.c  -L. -L/Users/nathaniel/.rbenv/versions/2.1.2/lib -L/Applications/Postgres.app/Contents/Versions/9.3/lib -L/usr/local/lib -lpq -Wl,-rpath,/Applications/Postgres.app/Contents/Versions/9.3/lib    -lstdc++ -lruby-static -framework CoreFoundation -lpq -lstdc++ -lpthread -lgmp -ldl -lobjc "
checked program was:
/* begin */
 1: #include "ruby.h"
 2: 
 3: #include <libpq-fe.h>
 4: 
 5: /*top*/
 6: extern int t(void);
 7: int main(int argc, char **argv)
 8: {
 9:   if (argc > 1000000) {
10:     printf("%p", &t);
11:   }
12: 
13:   return 0;
14: }
15: int t(void) { void ((*volatile p)()); p = (void ((*)()))PQconnectdb; return 0; }
/* end */

--------------------

